g:\5\流媒体\stream\debug\stream.pch
g:\5\流媒体\stream\debug\vc120.pdb
g:\5\流媒体\stream\debug\vc120.idb
g:\5\流媒体\stream\debug\stdafx.obj
g:\5\流媒体\stream\debug\adddlg.obj
g:\5\流媒体\stream\debug\mainfrm.obj
g:\5\流媒体\stream\debug\pronet.obj
g:\5\流媒体\stream\debug\pronoemal.obj
g:\5\流媒体\stream\debug\propsheet.obj
g:\5\流媒体\stream\debug\stream.obj
g:\5\流媒体\stream\debug\streamdoc.obj
g:\5\流媒体\stream\debug\streamview.obj
g:\5\流媒体\debug\stream.ilk
g:\5\流媒体\debug\stream.exe
g:\5\流媒体\debug\stream.pdb
g:\5\流媒体\stream\debug\stream.res
g:\5\流媒体\stream\debug\stream.tlog\cl.command.1.tlog
g:\5\流媒体\stream\debug\stream.tlog\cl.read.1.tlog
g:\5\流媒体\stream\debug\stream.tlog\cl.write.1.tlog
g:\5\流媒体\stream\debug\stream.tlog\link.command.1.tlog
g:\5\流媒体\stream\debug\stream.tlog\link.read.1.tlog
g:\5\流媒体\stream\debug\stream.tlog\link.write.1.tlog
g:\5\流媒体\stream\debug\stream.tlog\rc.command.1.tlog
g:\5\流媒体\stream\debug\stream.tlog\rc.read.1.tlog
g:\5\流媒体\stream\debug\stream.tlog\rc.write.1.tlog
