生成启动时间为 2016/7/20 星期三 12:25:52。
     1>项目“G:\5\流媒体\Stream\Stream.vcxproj”在节点 2 上(Build 个目标)。
     1>ClCompile:
         E:\Microsoft Visual Studio 12.0\VC\bin\CL.exe /c /ZI /nologo /W3 /WX- /Od /Oy- /D WIN32 /D _WINDOWS /D _DEBUG /D _UNICODE /D UNICODE /D _AFXDLL /Gm /EHsc /RTC1 /MDd /GS /fp:precise /Zc:wchar_t /Zc:forScope /Yu"stdafx.h" /Fp"Debug\Stream.pch" /Fo"Debug\\" /Fd"Debug\vc120.pdb" /Gd /TP /analyze- /errorReport:prompt Stream.cpp
         Stream.cpp
       Link:
         E:\Microsoft Visual Studio 12.0\VC\bin\link.exe /ERRORREPORT:PROMPT /OUT:"G:\5\流媒体\Debug\Stream.exe" /INCREMENTAL /NOLOGO appface.lib /MANIFEST /MANIFESTUAC:"level='asInvoker' uiAccess='false'" /manifest:embed /manifestinput:"E:\Microsoft Visual Studio 12.0\VC\Include\Manifest\dpiaware.manifest" /DEBUG /PDB:"G:\5\流媒体\Debug\Stream.pdb" /SUBSYSTEM:WINDOWS /TLBID:1 /ENTRY:"wWinMainCRTStartup" /DYNAMICBASE /NXCOMPAT /IMPLIB:"G:\5\流媒体\Debug\Stream.lib" /MACHINE:X86 Debug\Stream.res
         Debug\AddDlg.obj
         Debug\MainFrm.obj
         Debug\ProNet.obj
         Debug\ProNoemal.obj
         Debug\PropSheet.obj
         Debug\stdafx.obj
         Debug\Stream.obj
         Debug\StreamDoc.obj
         Debug\StreamView.obj
         Stream.vcxproj -> G:\5\流媒体\Debug\Stream.exe
     1>已完成生成项目“G:\5\流媒体\Stream\Stream.vcxproj”(Build 个目标)的操作。

生成成功。

已用时间 00:00:15.47
